[21-Nov-2023 14:10:13 Europe/Paris] PHP Fatal error:  Uncaught Symfony\Component\Dotenv\Exception\PathException: Unable to read the "/var/www/html/.env" environment file. in /var/www/html/vendor/symfony/dotenv/Dotenv.php:553
Stack trace:
#0 /var/www/html/vendor/symfony/dotenv/Dotenv.php(106): Symfony\Component\Dotenv\Dotenv->doLoad(false, Array)
#1 /var/www/html/vendor/symfony/dotenv/Dotenv.php(149): Symfony\Component\Dotenv\Dotenv->loadEnv('/var/www/html/....', 'APP_ENV', 'dev', Array, false)
#2 /var/www/html/vendor/symfony/runtime/SymfonyRuntime.php(107): Symfony\Component\Dotenv\Dotenv->bootEnv('/var/www/html/....', 'dev', Array, false)
#3 /var/www/html/vendor/autoload_runtime.php(17): Symfony\Component\Runtime\SymfonyRuntime->__construct(Array)
#4 /var/www/html/bin/console(11): require_once('/var/www/html/v...')
#5 {main}
  thrown in /var/www/html/vendor/symfony/dotenv/Dotenv.php on line 553
[21-Nov-2023 14:10:14 Europe/Paris] PHP Fatal error:  Uncaught Symfony\Component\Dotenv\Exception\PathException: Unable to read the "/var/www/html/.env" environment file. in /var/www/html/vendor/symfony/dotenv/Dotenv.php:553
Stack trace:
#0 /var/www/html/vendor/symfony/dotenv/Dotenv.php(106): Symfony\Component\Dotenv\Dotenv->doLoad(false, Array)
#1 /var/www/html/vendor/symfony/dotenv/Dotenv.php(149): Symfony\Component\Dotenv\Dotenv->loadEnv('/var/www/html/....', 'APP_ENV', 'dev', Array, false)
#2 /var/www/html/vendor/symfony/runtime/SymfonyRuntime.php(107): Symfony\Component\Dotenv\Dotenv->bootEnv('/var/www/html/....', 'dev', Array, false)
#3 /var/www/html/vendor/autoload_runtime.php(17): Symfony\Component\Runtime\SymfonyRuntime->__construct(Array)
#4 /var/www/html/bin/console(11): require_once('/var/www/html/v...')
#5 {main}
  thrown in /var/www/html/vendor/symfony/dotenv/Dotenv.php on line 553
[21-Nov-2023 14:10:15 Europe/Paris] PHP Fatal error:  Uncaught Symfony\Component\Dotenv\Exception\PathException: Unable to read the "/var/www/html/.env" environment file. in /var/www/html/vendor/symfony/dotenv/Dotenv.php:553
Stack trace:
#0 /var/www/html/vendor/symfony/dotenv/Dotenv.php(106): Symfony\Component\Dotenv\Dotenv->doLoad(false, Array)
#1 /var/www/html/vendor/symfony/dotenv/Dotenv.php(149): Symfony\Component\Dotenv\Dotenv->loadEnv('/var/www/html/....', 'APP_ENV', 'dev', Array, false)
#2 /var/www/html/vendor/symfony/runtime/SymfonyRuntime.php(107): Symfony\Component\Dotenv\Dotenv->bootEnv('/var/www/html/....', 'dev', Array, false)
#3 /var/www/html/vendor/autoload_runtime.php(17): Symfony\Component\Runtime\SymfonyRuntime->__construct(Array)
#4 /var/www/html/bin/console(11): require_once('/var/www/html/v...')
#5 {main}
  thrown in /var/www/html/vendor/symfony/dotenv/Dotenv.php on line 553
[21-Nov-2023 14:10:16 Europe/Paris] PHP Fatal error:  Uncaught Symfony\Component\Dotenv\Exception\PathException: Unable to read the "/var/www/html/.env" environment file. in /var/www/html/vendor/symfony/dotenv/Dotenv.php:553
Stack trace:
#0 /var/www/html/vendor/symfony/dotenv/Dotenv.php(106): Symfony\Component\Dotenv\Dotenv->doLoad(false, Array)
#1 /var/www/html/vendor/symfony/dotenv/Dotenv.php(149): Symfony\Component\Dotenv\Dotenv->loadEnv('/var/www/html/....', 'APP_ENV', 'dev', Array, false)
#2 /var/www/html/vendor/symfony/runtime/SymfonyRuntime.php(107): Symfony\Component\Dotenv\Dotenv->bootEnv('/var/www/html/....', 'dev', Array, false)
#3 /var/www/html/vendor/autoload_runtime.php(17): Symfony\Component\Runtime\SymfonyRuntime->__construct(Array)
#4 /var/www/html/bin/console(11): require_once('/var/www/html/v...')
#5 {main}
  thrown in /var/www/html/vendor/symfony/dotenv/Dotenv.php on line 553
[21-Nov-2023 14:10:17 Europe/Paris] PHP Fatal error:  Uncaught Symfony\Component\Dotenv\Exception\PathException: Unable to read the "/var/www/html/.env" environment file. in /var/www/html/vendor/symfony/dotenv/Dotenv.php:553
Stack trace:
#0 /var/www/html/vendor/symfony/dotenv/Dotenv.php(106): Symfony\Component\Dotenv\Dotenv->doLoad(false, Array)
#1 /var/www/html/vendor/symfony/dotenv/Dotenv.php(149): Symfony\Component\Dotenv\Dotenv->loadEnv('/var/www/html/....', 'APP_ENV', 'dev', Array, false)
#2 /var/www/html/vendor/symfony/runtime/SymfonyRuntime.php(107): Symfony\Component\Dotenv\Dotenv->bootEnv('/var/www/html/....', 'dev', Array, false)
#3 /var/www/html/vendor/autoload_runtime.php(17): Symfony\Component\Runtime\SymfonyRuntime->__construct(Array)
#4 /var/www/html/bin/console(11): require_once('/var/www/html/v...')
#5 {main}
  thrown in /var/www/html/vendor/symfony/dotenv/Dotenv.php on line 553
[21-Nov-2023 14:10:18 Europe/Paris] PHP Fatal error:  Uncaught Symfony\Component\Dotenv\Exception\PathException: Unable to read the "/var/www/html/.env" environment file. in /var/www/html/vendor/symfony/dotenv/Dotenv.php:553
Stack trace:
#0 /var/www/html/vendor/symfony/dotenv/Dotenv.php(106): Symfony\Component\Dotenv\Dotenv->doLoad(false, Array)
#1 /var/www/html/vendor/symfony/dotenv/Dotenv.php(149): Symfony\Component\Dotenv\Dotenv->loadEnv('/var/www/html/....', 'APP_ENV', 'dev', Array, false)
#2 /var/www/html/vendor/symfony/runtime/SymfonyRuntime.php(107): Symfony\Component\Dotenv\Dotenv->bootEnv('/var/www/html/....', 'dev', Array, false)
#3 /var/www/html/vendor/autoload_runtime.php(17): Symfony\Component\Runtime\SymfonyRuntime->__construct(Array)
#4 /var/www/html/bin/console(11): require_once('/var/www/html/v...')
#5 {main}
  thrown in /var/www/html/vendor/symfony/dotenv/Dotenv.php on line 553
[21-Nov-2023 14:10:19 Europe/Paris] PHP Fatal error:  Uncaught Symfony\Component\Dotenv\Exception\PathException: Unable to read the "/var/www/html/.env" environment file. in /var/www/html/vendor/symfony/dotenv/Dotenv.php:553
Stack trace:
#0 /var/www/html/vendor/symfony/dotenv/Dotenv.php(106): Symfony\Component\Dotenv\Dotenv->doLoad(false, Array)
#1 /var/www/html/vendor/symfony/dotenv/Dotenv.php(149): Symfony\Component\Dotenv\Dotenv->loadEnv('/var/www/html/....', 'APP_ENV', 'dev', Array, false)
#2 /var/www/html/vendor/symfony/runtime/SymfonyRuntime.php(107): Symfony\Component\Dotenv\Dotenv->bootEnv('/var/www/html/....', 'dev', Array, false)
#3 /var/www/html/vendor/autoload_runtime.php(17): Symfony\Component\Runtime\SymfonyRuntime->__construct(Array)
#4 /var/www/html/bin/console(11): require_once('/var/www/html/v...')
#5 {main}
  thrown in /var/www/html/vendor/symfony/dotenv/Dotenv.php on line 553
[21-Nov-2023 14:10:20 Europe/Paris] PHP Fatal error:  Uncaught Symfony\Component\Dotenv\Exception\PathException: Unable to read the "/var/www/html/.env" environment file. in /var/www/html/vendor/symfony/dotenv/Dotenv.php:553
Stack trace:
#0 /var/www/html/vendor/symfony/dotenv/Dotenv.php(106): Symfony\Component\Dotenv\Dotenv->doLoad(false, Array)
#1 /var/www/html/vendor/symfony/dotenv/Dotenv.php(149): Symfony\Component\Dotenv\Dotenv->loadEnv('/var/www/html/....', 'APP_ENV', 'dev', Array, false)
#2 /var/www/html/vendor/symfony/runtime/SymfonyRuntime.php(107): Symfony\Component\Dotenv\Dotenv->bootEnv('/var/www/html/....', 'dev', Array, false)
#3 /var/www/html/vendor/autoload_runtime.php(17): Symfony\Component\Runtime\SymfonyRuntime->__construct(Array)
#4 /var/www/html/bin/console(11): require_once('/var/www/html/v...')
#5 {main}
  thrown in /var/www/html/vendor/symfony/dotenv/Dotenv.php on line 553
[21-Nov-2023 14:10:22 Europe/Paris] PHP Fatal error:  Uncaught Symfony\Component\Dotenv\Exception\PathException: Unable to read the "/var/www/html/.env" environment file. in /var/www/html/vendor/symfony/dotenv/Dotenv.php:553
Stack trace:
#0 /var/www/html/vendor/symfony/dotenv/Dotenv.php(106): Symfony\Component\Dotenv\Dotenv->doLoad(false, Array)
#1 /var/www/html/vendor/symfony/dotenv/Dotenv.php(149): Symfony\Component\Dotenv\Dotenv->loadEnv('/var/www/html/....', 'APP_ENV', 'dev', Array, false)
#2 /var/www/html/vendor/symfony/runtime/SymfonyRuntime.php(107): Symfony\Component\Dotenv\Dotenv->bootEnv('/var/www/html/....', 'dev', Array, false)
#3 /var/www/html/vendor/autoload_runtime.php(17): Symfony\Component\Runtime\SymfonyRuntime->__construct(Array)
#4 /var/www/html/bin/console(11): require_once('/var/www/html/v...')
#5 {main}
  thrown in /var/www/html/vendor/symfony/dotenv/Dotenv.php on line 553
[21-Nov-2023 14:10:23 Europe/Paris] PHP Fatal error:  Uncaught Symfony\Component\Dotenv\Exception\PathException: Unable to read the "/var/www/html/.env" environment file. in /var/www/html/vendor/symfony/dotenv/Dotenv.php:553
Stack trace:
#0 /var/www/html/vendor/symfony/dotenv/Dotenv.php(106): Symfony\Component\Dotenv\Dotenv->doLoad(false, Array)
#1 /var/www/html/vendor/symfony/dotenv/Dotenv.php(149): Symfony\Component\Dotenv\Dotenv->loadEnv('/var/www/html/....', 'APP_ENV', 'dev', Array, false)
#2 /var/www/html/vendor/symfony/runtime/SymfonyRuntime.php(107): Symfony\Component\Dotenv\Dotenv->bootEnv('/var/www/html/....', 'dev', Array, false)
#3 /var/www/html/vendor/autoload_runtime.php(17): Symfony\Component\Runtime\SymfonyRuntime->__construct(Array)
#4 /var/www/html/bin/console(11): require_once('/var/www/html/v...')
#5 {main}
  thrown in /var/www/html/vendor/symfony/dotenv/Dotenv.php on line 553
[21-Nov-2023 14:10:24 Europe/Paris] PHP Fatal error:  Uncaught Symfony\Component\Dotenv\Exception\PathException: Unable to read the "/var/www/html/.env" environment file. in /var/www/html/vendor/symfony/dotenv/Dotenv.php:553
Stack trace:
#0 /var/www/html/vendor/symfony/dotenv/Dotenv.php(106): Symfony\Component\Dotenv\Dotenv->doLoad(false, Array)
#1 /var/www/html/vendor/symfony/dotenv/Dotenv.php(149): Symfony\Component\Dotenv\Dotenv->loadEnv('/var/www/html/....', 'APP_ENV', 'dev', Array, false)
#2 /var/www/html/vendor/symfony/runtime/SymfonyRuntime.php(107): Symfony\Component\Dotenv\Dotenv->bootEnv('/var/www/html/....', 'dev', Array, false)
#3 /var/www/html/vendor/autoload_runtime.php(17): Symfony\Component\Runtime\SymfonyRuntime->__construct(Array)
#4 /var/www/html/bin/console(11): require_once('/var/www/html/v...')
#5 {main}
  thrown in /var/www/html/vendor/symfony/dotenv/Dotenv.php on line 553
[21-Nov-2023 14:10:25 Europe/Paris] PHP Fatal error:  Uncaught Symfony\Component\Dotenv\Exception\PathException: Unable to read the "/var/www/html/.env" environment file. in /var/www/html/vendor/symfony/dotenv/Dotenv.php:553
Stack trace:
#0 /var/www/html/vendor/symfony/dotenv/Dotenv.php(106): Symfony\Component\Dotenv\Dotenv->doLoad(false, Array)
#1 /var/www/html/vendor/symfony/dotenv/Dotenv.php(149): Symfony\Component\Dotenv\Dotenv->loadEnv('/var/www/html/....', 'APP_ENV', 'dev', Array, false)
#2 /var/www/html/vendor/symfony/runtime/SymfonyRuntime.php(107): Symfony\Component\Dotenv\Dotenv->bootEnv('/var/www/html/....', 'dev', Array, false)
#3 /var/www/html/vendor/autoload_runtime.php(17): Symfony\Component\Runtime\SymfonyRuntime->__construct(Array)
#4 /var/www/html/bin/console(11): require_once('/var/www/html/v...')
#5 {main}
  thrown in /var/www/html/vendor/symfony/dotenv/Dotenv.php on line 553
[21-Nov-2023 14:10:26 Europe/Paris] PHP Fatal error:  Uncaught Symfony\Component\Dotenv\Exception\PathException: Unable to read the "/var/www/html/.env" environment file. in /var/www/html/vendor/symfony/dotenv/Dotenv.php:553
Stack trace:
#0 /var/www/html/vendor/symfony/dotenv/Dotenv.php(106): Symfony\Component\Dotenv\Dotenv->doLoad(false, Array)
#1 /var/www/html/vendor/symfony/dotenv/Dotenv.php(149): Symfony\Component\Dotenv\Dotenv->loadEnv('/var/www/html/....', 'APP_ENV', 'dev', Array, false)
#2 /var/www/html/vendor/symfony/runtime/SymfonyRuntime.php(107): Symfony\Component\Dotenv\Dotenv->bootEnv('/var/www/html/....', 'dev', Array, false)
#3 /var/www/html/vendor/autoload_runtime.php(17): Symfony\Component\Runtime\SymfonyRuntime->__construct(Array)
#4 /var/www/html/bin/console(11): require_once('/var/www/html/v...')
#5 {main}
  thrown in /var/www/html/vendor/symfony/dotenv/Dotenv.php on line 553
[21-Nov-2023 14:10:27 Europe/Paris] PHP Fatal error:  Uncaught Symfony\Component\Dotenv\Exception\PathException: Unable to read the "/var/www/html/.env" environment file. in /var/www/html/vendor/symfony/dotenv/Dotenv.php:553
Stack trace:
#0 /var/www/html/vendor/symfony/dotenv/Dotenv.php(106): Symfony\Component\Dotenv\Dotenv->doLoad(false, Array)
#1 /var/www/html/vendor/symfony/dotenv/Dotenv.php(149): Symfony\Component\Dotenv\Dotenv->loadEnv('/var/www/html/....', 'APP_ENV', 'dev', Array, false)
#2 /var/www/html/vendor/symfony/runtime/SymfonyRuntime.php(107): Symfony\Component\Dotenv\Dotenv->bootEnv('/var/www/html/....', 'dev', Array, false)
#3 /var/www/html/vendor/autoload_runtime.php(17): Symfony\Component\Runtime\SymfonyRuntime->__construct(Array)
#4 /var/www/html/bin/console(11): require_once('/var/www/html/v...')
#5 {main}
  thrown in /var/www/html/vendor/symfony/dotenv/Dotenv.php on line 553
[21-Nov-2023 14:10:28 Europe/Paris] PHP Fatal error:  Uncaught Symfony\Component\Dotenv\Exception\PathException: Unable to read the "/var/www/html/.env" environment file. in /var/www/html/vendor/symfony/dotenv/Dotenv.php:553
Stack trace:
#0 /var/www/html/vendor/symfony/dotenv/Dotenv.php(106): Symfony\Component\Dotenv\Dotenv->doLoad(false, Array)
#1 /var/www/html/vendor/symfony/dotenv/Dotenv.php(149): Symfony\Component\Dotenv\Dotenv->loadEnv('/var/www/html/....', 'APP_ENV', 'dev', Array, false)
#2 /var/www/html/vendor/symfony/runtime/SymfonyRuntime.php(107): Symfony\Component\Dotenv\Dotenv->bootEnv('/var/www/html/....', 'dev', Array, false)
#3 /var/www/html/vendor/autoload_runtime.php(17): Symfony\Component\Runtime\SymfonyRuntime->__construct(Array)
#4 /var/www/html/bin/console(11): require_once('/var/www/html/v...')
#5 {main}
  thrown in /var/www/html/vendor/symfony/dotenv/Dotenv.php on line 553
[21-Nov-2023 14:10:29 Europe/Paris] PHP Fatal error:  Uncaught Symfony\Component\Dotenv\Exception\PathException: Unable to read the "/var/www/html/.env" environment file. in /var/www/html/vendor/symfony/dotenv/Dotenv.php:553
Stack trace:
#0 /var/www/html/vendor/symfony/dotenv/Dotenv.php(106): Symfony\Component\Dotenv\Dotenv->doLoad(false, Array)
#1 /var/www/html/vendor/symfony/dotenv/Dotenv.php(149): Symfony\Component\Dotenv\Dotenv->loadEnv('/var/www/html/....', 'APP_ENV', 'dev', Array, false)
#2 /var/www/html/vendor/symfony/runtime/SymfonyRuntime.php(107): Symfony\Component\Dotenv\Dotenv->bootEnv('/var/www/html/....', 'dev', Array, false)
#3 /var/www/html/vendor/autoload_runtime.php(17): Symfony\Component\Runtime\SymfonyRuntime->__construct(Array)
#4 /var/www/html/bin/console(11): require_once('/var/www/html/v...')
#5 {main}
  thrown in /var/www/html/vendor/symfony/dotenv/Dotenv.php on line 553
[21-Nov-2023 14:10:31 Europe/Paris] PHP Fatal error:  Uncaught Symfony\Component\Dotenv\Exception\PathException: Unable to read the "/var/www/html/.env" environment file. in /var/www/html/vendor/symfony/dotenv/Dotenv.php:553
Stack trace:
#0 /var/www/html/vendor/symfony/dotenv/Dotenv.php(106): Symfony\Component\Dotenv\Dotenv->doLoad(false, Array)
#1 /var/www/html/vendor/symfony/dotenv/Dotenv.php(149): Symfony\Component\Dotenv\Dotenv->loadEnv('/var/www/html/....', 'APP_ENV', 'dev', Array, false)
#2 /var/www/html/vendor/symfony/runtime/SymfonyRuntime.php(107): Symfony\Component\Dotenv\Dotenv->bootEnv('/var/www/html/....', 'dev', Array, false)
#3 /var/www/html/vendor/autoload_runtime.php(17): Symfony\Component\Runtime\SymfonyRuntime->__construct(Array)
#4 /var/www/html/bin/console(11): require_once('/var/www/html/v...')
#5 {main}
  thrown in /var/www/html/vendor/symfony/dotenv/Dotenv.php on line 553
[21-Nov-2023 14:10:32 Europe/Paris] PHP Fatal error:  Uncaught Symfony\Component\Dotenv\Exception\PathException: Unable to read the "/var/www/html/.env" environment file. in /var/www/html/vendor/symfony/dotenv/Dotenv.php:553
Stack trace:
#0 /var/www/html/vendor/symfony/dotenv/Dotenv.php(106): Symfony\Component\Dotenv\Dotenv->doLoad(false, Array)
#1 /var/www/html/vendor/symfony/dotenv/Dotenv.php(149): Symfony\Component\Dotenv\Dotenv->loadEnv('/var/www/html/....', 'APP_ENV', 'dev', Array, false)
#2 /var/www/html/vendor/symfony/runtime/SymfonyRuntime.php(107): Symfony\Component\Dotenv\Dotenv->bootEnv('/var/www/html/....', 'dev', Array, false)
#3 /var/www/html/vendor/autoload_runtime.php(17): Symfony\Component\Runtime\SymfonyRuntime->__construct(Array)
#4 /var/www/html/bin/console(11): require_once('/var/www/html/v...')
#5 {main}
  thrown in /var/www/html/vendor/symfony/dotenv/Dotenv.php on line 553
[21-Nov-2023 14:10:33 Europe/Paris] PHP Fatal error:  Uncaught Symfony\Component\Dotenv\Exception\PathException: Unable to read the "/var/www/html/.env" environment file. in /var/www/html/vendor/symfony/dotenv/Dotenv.php:553
Stack trace:
#0 /var/www/html/vendor/symfony/dotenv/Dotenv.php(106): Symfony\Component\Dotenv\Dotenv->doLoad(false, Array)
#1 /var/www/html/vendor/symfony/dotenv/Dotenv.php(149): Symfony\Component\Dotenv\Dotenv->loadEnv('/var/www/html/....', 'APP_ENV', 'dev', Array, false)
#2 /var/www/html/vendor/symfony/runtime/SymfonyRuntime.php(107): Symfony\Component\Dotenv\Dotenv->bootEnv('/var/www/html/....', 'dev', Array, false)
#3 /var/www/html/vendor/autoload_runtime.php(17): Symfony\Component\Runtime\SymfonyRuntime->__construct(Array)
#4 /var/www/html/bin/console(11): require_once('/var/www/html/v...')
#5 {main}
  thrown in /var/www/html/vendor/symfony/dotenv/Dotenv.php on line 553
[21-Nov-2023 14:10:34 Europe/Paris] PHP Fatal error:  Uncaught Symfony\Component\Dotenv\Exception\PathException: Unable to read the "/var/www/html/.env" environment file. in /var/www/html/vendor/symfony/dotenv/Dotenv.php:553
Stack trace:
#0 /var/www/html/vendor/symfony/dotenv/Dotenv.php(106): Symfony\Component\Dotenv\Dotenv->doLoad(false, Array)
#1 /var/www/html/vendor/symfony/dotenv/Dotenv.php(149): Symfony\Component\Dotenv\Dotenv->loadEnv('/var/www/html/....', 'APP_ENV', 'dev', Array, false)
#2 /var/www/html/vendor/symfony/runtime/SymfonyRuntime.php(107): Symfony\Component\Dotenv\Dotenv->bootEnv('/var/www/html/....', 'dev', Array, false)
#3 /var/www/html/vendor/autoload_runtime.php(17): Symfony\Component\Runtime\SymfonyRuntime->__construct(Array)
#4 /var/www/html/bin/console(11): require_once('/var/www/html/v...')
#5 {main}
  thrown in /var/www/html/vendor/symfony/dotenv/Dotenv.php on line 553
[21-Nov-2023 14:10:35 Europe/Paris] PHP Fatal error:  Uncaught Symfony\Component\Dotenv\Exception\PathException: Unable to read the "/var/www/html/.env" environment file. in /var/www/html/vendor/symfony/dotenv/Dotenv.php:553
Stack trace:
#0 /var/www/html/vendor/symfony/dotenv/Dotenv.php(106): Symfony\Component\Dotenv\Dotenv->doLoad(false, Array)
#1 /var/www/html/vendor/symfony/dotenv/Dotenv.php(149): Symfony\Component\Dotenv\Dotenv->loadEnv('/var/www/html/....', 'APP_ENV', 'dev', Array, false)
#2 /var/www/html/vendor/symfony/runtime/SymfonyRuntime.php(107): Symfony\Component\Dotenv\Dotenv->bootEnv('/var/www/html/....', 'dev', Array, false)
#3 /var/www/html/vendor/autoload_runtime.php(17): Symfony\Component\Runtime\SymfonyRuntime->__construct(Array)
#4 /var/www/html/bin/console(11): require_once('/var/www/html/v...')
#5 {main}
  thrown in /var/www/html/vendor/symfony/dotenv/Dotenv.php on line 553
[21-Nov-2023 14:10:37 Europe/Paris] PHP Fatal error:  Uncaught Symfony\Component\Dotenv\Exception\PathException: Unable to read the "/var/www/html/.env" environment file. in /var/www/html/vendor/symfony/dotenv/Dotenv.php:553
Stack trace:
#0 /var/www/html/vendor/symfony/dotenv/Dotenv.php(106): Symfony\Component\Dotenv\Dotenv->doLoad(false, Array)
#1 /var/www/html/vendor/symfony/dotenv/Dotenv.php(149): Symfony\Component\Dotenv\Dotenv->loadEnv('/var/www/html/....', 'APP_ENV', 'dev', Array, false)
#2 /var/www/html/vendor/symfony/runtime/SymfonyRuntime.php(107): Symfony\Component\Dotenv\Dotenv->bootEnv('/var/www/html/....', 'dev', Array, false)
#3 /var/www/html/vendor/autoload_runtime.php(17): Symfony\Component\Runtime\SymfonyRuntime->__construct(Array)
#4 /var/www/html/bin/console(11): require_once('/var/www/html/v...')
#5 {main}
  thrown in /var/www/html/vendor/symfony/dotenv/Dotenv.php on line 553
[21-Nov-2023 14:10:38 Europe/Paris] PHP Fatal error:  Uncaught Symfony\Component\Dotenv\Exception\PathException: Unable to read the "/var/www/html/.env" environment file. in /var/www/html/vendor/symfony/dotenv/Dotenv.php:553
Stack trace:
#0 /var/www/html/vendor/symfony/dotenv/Dotenv.php(106): Symfony\Component\Dotenv\Dotenv->doLoad(false, Array)
#1 /var/www/html/vendor/symfony/dotenv/Dotenv.php(149): Symfony\Component\Dotenv\Dotenv->loadEnv('/var/www/html/....', 'APP_ENV', 'dev', Array, false)
#2 /var/www/html/vendor/symfony/runtime/SymfonyRuntime.php(107): Symfony\Component\Dotenv\Dotenv->bootEnv('/var/www/html/....', 'dev', Array, false)
#3 /var/www/html/vendor/autoload_runtime.php(17): Symfony\Component\Runtime\SymfonyRuntime->__construct(Array)
#4 /var/www/html/bin/console(11): require_once('/var/www/html/v...')
#5 {main}
  thrown in /var/www/html/vendor/symfony/dotenv/Dotenv.php on line 553
[21-Nov-2023 14:10:39 Europe/Paris] PHP Fatal error:  Uncaught Symfony\Component\Dotenv\Exception\PathException: Unable to read the "/var/www/html/.env" environment file. in /var/www/html/vendor/symfony/dotenv/Dotenv.php:553
Stack trace:
#0 /var/www/html/vendor/symfony/dotenv/Dotenv.php(106): Symfony\Component\Dotenv\Dotenv->doLoad(false, Array)
#1 /var/www/html/vendor/symfony/dotenv/Dotenv.php(149): Symfony\Component\Dotenv\Dotenv->loadEnv('/var/www/html/....', 'APP_ENV', 'dev', Array, false)
#2 /var/www/html/vendor/symfony/runtime/SymfonyRuntime.php(107): Symfony\Component\Dotenv\Dotenv->bootEnv('/var/www/html/....', 'dev', Array, false)
#3 /var/www/html/vendor/autoload_runtime.php(17): Symfony\Component\Runtime\SymfonyRuntime->__construct(Array)
#4 /var/www/html/bin/console(11): require_once('/var/www/html/v...')
#5 {main}
  thrown in /var/www/html/vendor/symfony/dotenv/Dotenv.php on line 553
[21-Nov-2023 14:10:40 Europe/Paris] PHP Fatal error:  Uncaught Symfony\Component\Dotenv\Exception\PathException: Unable to read the "/var/www/html/.env" environment file. in /var/www/html/vendor/symfony/dotenv/Dotenv.php:553
Stack trace:
#0 /var/www/html/vendor/symfony/dotenv/Dotenv.php(106): Symfony\Component\Dotenv\Dotenv->doLoad(false, Array)
#1 /var/www/html/vendor/symfony/dotenv/Dotenv.php(149): Symfony\Component\Dotenv\Dotenv->loadEnv('/var/www/html/....', 'APP_ENV', 'dev', Array, false)
#2 /var/www/html/vendor/symfony/runtime/SymfonyRuntime.php(107): Symfony\Component\Dotenv\Dotenv->bootEnv('/var/www/html/....', 'dev', Array, false)
#3 /var/www/html/vendor/autoload_runtime.php(17): Symfony\Component\Runtime\SymfonyRuntime->__construct(Array)
#4 /var/www/html/bin/console(11): require_once('/var/www/html/v...')
#5 {main}
  thrown in /var/www/html/vendor/symfony/dotenv/Dotenv.php on line 553
[21-Nov-2023 14:10:41 Europe/Paris] PHP Fatal error:  Uncaught Symfony\Component\Dotenv\Exception\PathException: Unable to read the "/var/www/html/.env" environment file. in /var/www/html/vendor/symfony/dotenv/Dotenv.php:553
Stack trace:
#0 /var/www/html/vendor/symfony/dotenv/Dotenv.php(106): Symfony\Component\Dotenv\Dotenv->doLoad(false, Array)
#1 /var/www/html/vendor/symfony/dotenv/Dotenv.php(149): Symfony\Component\Dotenv\Dotenv->loadEnv('/var/www/html/....', 'APP_ENV', 'dev', Array, false)
#2 /var/www/html/vendor/symfony/runtime/SymfonyRuntime.php(107): Symfony\Component\Dotenv\Dotenv->bootEnv('/var/www/html/....', 'dev', Array, false)
#3 /var/www/html/vendor/autoload_runtime.php(17): Symfony\Component\Runtime\SymfonyRuntime->__construct(Array)
#4 /var/www/html/bin/console(11): require_once('/var/www/html/v...')
#5 {main}
  thrown in /var/www/html/vendor/symfony/dotenv/Dotenv.php on line 553
[21-Nov-2023 14:10:42 Europe/Paris] PHP Fatal error:  Uncaught Symfony\Component\Dotenv\Exception\PathException: Unable to read the "/var/www/html/.env" environment file. in /var/www/html/vendor/symfony/dotenv/Dotenv.php:553
Stack trace:
#0 /var/www/html/vendor/symfony/dotenv/Dotenv.php(106): Symfony\Component\Dotenv\Dotenv->doLoad(false, Array)
#1 /var/www/html/vendor/symfony/dotenv/Dotenv.php(149): Symfony\Component\Dotenv\Dotenv->loadEnv('/var/www/html/....', 'APP_ENV', 'dev', Array, false)
#2 /var/www/html/vendor/symfony/runtime/SymfonyRuntime.php(107): Symfony\Component\Dotenv\Dotenv->bootEnv('/var/www/html/....', 'dev', Array, false)
#3 /var/www/html/vendor/autoload_runtime.php(17): Symfony\Component\Runtime\SymfonyRuntime->__construct(Array)
#4 /var/www/html/bin/console(11): require_once('/var/www/html/v...')
#5 {main}
  thrown in /var/www/html/vendor/symfony/dotenv/Dotenv.php on line 553
[21-Nov-2023 14:10:43 Europe/Paris] PHP Fatal error:  Uncaught Symfony\Component\Dotenv\Exception\PathException: Unable to read the "/var/www/html/.env" environment file. in /var/www/html/vendor/symfony/dotenv/Dotenv.php:553
Stack trace:
#0 /var/www/html/vendor/symfony/dotenv/Dotenv.php(106): Symfony\Component\Dotenv\Dotenv->doLoad(false, Array)
#1 /var/www/html/vendor/symfony/dotenv/Dotenv.php(149): Symfony\Component\Dotenv\Dotenv->loadEnv('/var/www/html/....', 'APP_ENV', 'dev', Array, false)
#2 /var/www/html/vendor/symfony/runtime/SymfonyRuntime.php(107): Symfony\Component\Dotenv\Dotenv->bootEnv('/var/www/html/....', 'dev', Array, false)
#3 /var/www/html/vendor/autoload_runtime.php(17): Symfony\Component\Runtime\SymfonyRuntime->__construct(Array)
#4 /var/www/html/bin/console(11): require_once('/var/www/html/v...')
#5 {main}
  thrown in /var/www/html/vendor/symfony/dotenv/Dotenv.php on line 553
[21-Nov-2023 14:10:44 Europe/Paris] PHP Fatal error:  Uncaught Symfony\Component\Dotenv\Exception\PathException: Unable to read the "/var/www/html/.env" environment file. in /var/www/html/vendor/symfony/dotenv/Dotenv.php:553
Stack trace:
#0 /var/www/html/vendor/symfony/dotenv/Dotenv.php(106): Symfony\Component\Dotenv\Dotenv->doLoad(false, Array)
#1 /var/www/html/vendor/symfony/dotenv/Dotenv.php(149): Symfony\Component\Dotenv\Dotenv->loadEnv('/var/www/html/....', 'APP_ENV', 'dev', Array, false)
#2 /var/www/html/vendor/symfony/runtime/SymfonyRuntime.php(107): Symfony\Component\Dotenv\Dotenv->bootEnv('/var/www/html/....', 'dev', Array, false)
#3 /var/www/html/vendor/autoload_runtime.php(17): Symfony\Component\Runtime\SymfonyRuntime->__construct(Array)
#4 /var/www/html/bin/console(11): require_once('/var/www/html/v...')
#5 {main}
  thrown in /var/www/html/vendor/symfony/dotenv/Dotenv.php on line 553
[21-Nov-2023 14:10:45 Europe/Paris] PHP Fatal error:  Uncaught Symfony\Component\Dotenv\Exception\PathException: Unable to read the "/var/www/html/.env" environment file. in /var/www/html/vendor/symfony/dotenv/Dotenv.php:553
Stack trace:
#0 /var/www/html/vendor/symfony/dotenv/Dotenv.php(106): Symfony\Component\Dotenv\Dotenv->doLoad(false, Array)
#1 /var/www/html/vendor/symfony/dotenv/Dotenv.php(149): Symfony\Component\Dotenv\Dotenv->loadEnv('/var/www/html/....', 'APP_ENV', 'dev', Array, false)
#2 /var/www/html/vendor/symfony/runtime/SymfonyRuntime.php(107): Symfony\Component\Dotenv\Dotenv->bootEnv('/var/www/html/....', 'dev', Array, false)
#3 /var/www/html/vendor/autoload_runtime.php(17): Symfony\Component\Runtime\SymfonyRuntime->__construct(Array)
#4 /var/www/html/bin/console(11): require_once('/var/www/html/v...')
#5 {main}
  thrown in /var/www/html/vendor/symfony/dotenv/Dotenv.php on line 553
[21-Nov-2023 14:10:46 Europe/Paris] PHP Fatal error:  Uncaught Symfony\Component\Dotenv\Exception\PathException: Unable to read the "/var/www/html/.env" environment file. in /var/www/html/vendor/symfony/dotenv/Dotenv.php:553
Stack trace:
#0 /var/www/html/vendor/symfony/dotenv/Dotenv.php(106): Symfony\Component\Dotenv\Dotenv->doLoad(false, Array)
#1 /var/www/html/vendor/symfony/dotenv/Dotenv.php(149): Symfony\Component\Dotenv\Dotenv->loadEnv('/var/www/html/....', 'APP_ENV', 'dev', Array, false)
#2 /var/www/html/vendor/symfony/runtime/SymfonyRuntime.php(107): Symfony\Component\Dotenv\Dotenv->bootEnv('/var/www/html/....', 'dev', Array, false)
#3 /var/www/html/vendor/autoload_runtime.php(17): Symfony\Component\Runtime\SymfonyRuntime->__construct(Array)
#4 /var/www/html/bin/console(11): require_once('/var/www/html/v...')
#5 {main}
  thrown in /var/www/html/vendor/symfony/dotenv/Dotenv.php on line 553
[21-Nov-2023 14:10:47 Europe/Paris] PHP Fatal error:  Uncaught Symfony\Component\Dotenv\Exception\PathException: Unable to read the "/var/www/html/.env" environment file. in /var/www/html/vendor/symfony/dotenv/Dotenv.php:553
Stack trace:
#0 /var/www/html/vendor/symfony/dotenv/Dotenv.php(106): Symfony\Component\Dotenv\Dotenv->doLoad(false, Array)
#1 /var/www/html/vendor/symfony/dotenv/Dotenv.php(149): Symfony\Component\Dotenv\Dotenv->loadEnv('/var/www/html/....', 'APP_ENV', 'dev', Array, false)
#2 /var/www/html/vendor/symfony/runtime/SymfonyRuntime.php(107): Symfony\Component\Dotenv\Dotenv->bootEnv('/var/www/html/....', 'dev', Array, false)
#3 /var/www/html/vendor/autoload_runtime.php(17): Symfony\Component\Runtime\SymfonyRuntime->__construct(Array)
#4 /var/www/html/bin/console(11): require_once('/var/www/html/v...')
#5 {main}
  thrown in /var/www/html/vendor/symfony/dotenv/Dotenv.php on line 553
[21-Nov-2023 14:10:48 Europe/Paris] PHP Fatal error:  Uncaught Symfony\Component\Dotenv\Exception\PathException: Unable to read the "/var/www/html/.env" environment file. in /var/www/html/vendor/symfony/dotenv/Dotenv.php:553
Stack trace:
#0 /var/www/html/vendor/symfony/dotenv/Dotenv.php(106): Symfony\Component\Dotenv\Dotenv->doLoad(false, Array)
#1 /var/www/html/vendor/symfony/dotenv/Dotenv.php(149): Symfony\Component\Dotenv\Dotenv->loadEnv('/var/www/html/....', 'APP_ENV', 'dev', Array, false)
#2 /var/www/html/vendor/symfony/runtime/SymfonyRuntime.php(107): Symfony\Component\Dotenv\Dotenv->bootEnv('/var/www/html/....', 'dev', Array, false)
#3 /var/www/html/vendor/autoload_runtime.php(17): Symfony\Component\Runtime\SymfonyRuntime->__construct(Array)
#4 /var/www/html/bin/console(11): require_once('/var/www/html/v...')
#5 {main}
  thrown in /var/www/html/vendor/symfony/dotenv/Dotenv.php on line 553
[21-Nov-2023 14:10:49 Europe/Paris] PHP Fatal error:  Uncaught Symfony\Component\Dotenv\Exception\PathException: Unable to read the "/var/www/html/.env" environment file. in /var/www/html/vendor/symfony/dotenv/Dotenv.php:553
Stack trace:
#0 /var/www/html/vendor/symfony/dotenv/Dotenv.php(106): Symfony\Component\Dotenv\Dotenv->doLoad(false, Array)
#1 /var/www/html/vendor/symfony/dotenv/Dotenv.php(149): Symfony\Component\Dotenv\Dotenv->loadEnv('/var/www/html/....', 'APP_ENV', 'dev', Array, false)
#2 /var/www/html/vendor/symfony/runtime/SymfonyRuntime.php(107): Symfony\Component\Dotenv\Dotenv->bootEnv('/var/www/html/....', 'dev', Array, false)
#3 /var/www/html/vendor/autoload_runtime.php(17): Symfony\Component\Runtime\SymfonyRuntime->__construct(Array)
#4 /var/www/html/bin/console(11): require_once('/var/www/html/v...')
#5 {main}
  thrown in /var/www/html/vendor/symfony/dotenv/Dotenv.php on line 553
[21-Nov-2023 14:10:50 Europe/Paris] PHP Fatal error:  Uncaught Symfony\Component\Dotenv\Exception\PathException: Unable to read the "/var/www/html/.env" environment file. in /var/www/html/vendor/symfony/dotenv/Dotenv.php:553
Stack trace:
#0 /var/www/html/vendor/symfony/dotenv/Dotenv.php(106): Symfony\Component\Dotenv\Dotenv->doLoad(false, Array)
#1 /var/www/html/vendor/symfony/dotenv/Dotenv.php(149): Symfony\Component\Dotenv\Dotenv->loadEnv('/var/www/html/....', 'APP_ENV', 'dev', Array, false)
#2 /var/www/html/vendor/symfony/runtime/SymfonyRuntime.php(107): Symfony\Component\Dotenv\Dotenv->bootEnv('/var/www/html/....', 'dev', Array, false)
#3 /var/www/html/vendor/autoload_runtime.php(17): Symfony\Component\Runtime\SymfonyRuntime->__construct(Array)
#4 /var/www/html/bin/console(11): require_once('/var/www/html/v...')
#5 {main}
  thrown in /var/www/html/vendor/symfony/dotenv/Dotenv.php on line 553
[21-Nov-2023 14:10:51 Europe/Paris] PHP Fatal error:  Uncaught Symfony\Component\Dotenv\Exception\PathException: Unable to read the "/var/www/html/.env" environment file. in /var/www/html/vendor/symfony/dotenv/Dotenv.php:553
Stack trace:
#0 /var/www/html/vendor/symfony/dotenv/Dotenv.php(106): Symfony\Component\Dotenv\Dotenv->doLoad(false, Array)
#1 /var/www/html/vendor/symfony/dotenv/Dotenv.php(149): Symfony\Component\Dotenv\Dotenv->loadEnv('/var/www/html/....', 'APP_ENV', 'dev', Array, false)
#2 /var/www/html/vendor/symfony/runtime/SymfonyRuntime.php(107): Symfony\Component\Dotenv\Dotenv->bootEnv('/var/www/html/....', 'dev', Array, false)
#3 /var/www/html/vendor/autoload_runtime.php(17): Symfony\Component\Runtime\SymfonyRuntime->__construct(Array)
#4 /var/www/html/bin/console(11): require_once('/var/www/html/v...')
#5 {main}
  thrown in /var/www/html/vendor/symfony/dotenv/Dotenv.php on line 553
[21-Nov-2023 14:10:53 Europe/Paris] PHP Fatal error:  Uncaught Symfony\Component\Dotenv\Exception\PathException: Unable to read the "/var/www/html/.env" environment file. in /var/www/html/vendor/symfony/dotenv/Dotenv.php:553
Stack trace:
#0 /var/www/html/vendor/symfony/dotenv/Dotenv.php(106): Symfony\Component\Dotenv\Dotenv->doLoad(false, Array)
#1 /var/www/html/vendor/symfony/dotenv/Dotenv.php(149): Symfony\Component\Dotenv\Dotenv->loadEnv('/var/www/html/....', 'APP_ENV', 'dev', Array, false)
#2 /var/www/html/vendor/symfony/runtime/SymfonyRuntime.php(107): Symfony\Component\Dotenv\Dotenv->bootEnv('/var/www/html/....', 'dev', Array, false)
#3 /var/www/html/vendor/autoload_runtime.php(17): Symfony\Component\Runtime\SymfonyRuntime->__construct(Array)
#4 /var/www/html/bin/console(11): require_once('/var/www/html/v...')
#5 {main}
  thrown in /var/www/html/vendor/symfony/dotenv/Dotenv.php on line 553
[21-Nov-2023 14:10:54 Europe/Paris] PHP Fatal error:  Uncaught Symfony\Component\Dotenv\Exception\PathException: Unable to read the "/var/www/html/.env" environment file. in /var/www/html/vendor/symfony/dotenv/Dotenv.php:553
Stack trace:
#0 /var/www/html/vendor/symfony/dotenv/Dotenv.php(106): Symfony\Component\Dotenv\Dotenv->doLoad(false, Array)
#1 /var/www/html/vendor/symfony/dotenv/Dotenv.php(149): Symfony\Component\Dotenv\Dotenv->loadEnv('/var/www/html/....', 'APP_ENV', 'dev', Array, false)
#2 /var/www/html/vendor/symfony/runtime/SymfonyRuntime.php(107): Symfony\Component\Dotenv\Dotenv->bootEnv('/var/www/html/....', 'dev', Array, false)
#3 /var/www/html/vendor/autoload_runtime.php(17): Symfony\Component\Runtime\SymfonyRuntime->__construct(Array)
#4 /var/www/html/bin/console(11): require_once('/var/www/html/v...')
#5 {main}
  thrown in /var/www/html/vendor/symfony/dotenv/Dotenv.php on line 553
[21-Nov-2023 14:10:55 Europe/Paris] PHP Fatal error:  Uncaught Symfony\Component\Dotenv\Exception\PathException: Unable to read the "/var/www/html/.env" environment file. in /var/www/html/vendor/symfony/dotenv/Dotenv.php:553
Stack trace:
#0 /var/www/html/vendor/symfony/dotenv/Dotenv.php(106): Symfony\Component\Dotenv\Dotenv->doLoad(false, Array)
#1 /var/www/html/vendor/symfony/dotenv/Dotenv.php(149): Symfony\Component\Dotenv\Dotenv->loadEnv('/var/www/html/....', 'APP_ENV', 'dev', Array, false)
#2 /var/www/html/vendor/symfony/runtime/SymfonyRuntime.php(107): Symfony\Component\Dotenv\Dotenv->bootEnv('/var/www/html/....', 'dev', Array, false)
#3 /var/www/html/vendor/autoload_runtime.php(17): Symfony\Component\Runtime\SymfonyRuntime->__construct(Array)
#4 /var/www/html/bin/console(11): require_once('/var/www/html/v...')
#5 {main}
  thrown in /var/www/html/vendor/symfony/dotenv/Dotenv.php on line 553
[21-Nov-2023 14:10:56 Europe/Paris] PHP Fatal error:  Uncaught Symfony\Component\Dotenv\Exception\PathException: Unable to read the "/var/www/html/.env" environment file. in /var/www/html/vendor/symfony/dotenv/Dotenv.php:553
Stack trace:
#0 /var/www/html/vendor/symfony/dotenv/Dotenv.php(106): Symfony\Component\Dotenv\Dotenv->doLoad(false, Array)
#1 /var/www/html/vendor/symfony/dotenv/Dotenv.php(149): Symfony\Component\Dotenv\Dotenv->loadEnv('/var/www/html/....', 'APP_ENV', 'dev', Array, false)
#2 /var/www/html/vendor/symfony/runtime/SymfonyRuntime.php(107): Symfony\Component\Dotenv\Dotenv->bootEnv('/var/www/html/....', 'dev', Array, false)
#3 /var/www/html/vendor/autoload_runtime.php(17): Symfony\Component\Runtime\SymfonyRuntime->__construct(Array)
#4 /var/www/html/bin/console(11): require_once('/var/www/html/v...')
#5 {main}
  thrown in /var/www/html/vendor/symfony/dotenv/Dotenv.php on line 553
[21-Nov-2023 14:10:57 Europe/Paris] PHP Fatal error:  Uncaught Symfony\Component\Dotenv\Exception\PathException: Unable to read the "/var/www/html/.env" environment file. in /var/www/html/vendor/symfony/dotenv/Dotenv.php:553
Stack trace:
#0 /var/www/html/vendor/symfony/dotenv/Dotenv.php(106): Symfony\Component\Dotenv\Dotenv->doLoad(false, Array)
#1 /var/www/html/vendor/symfony/dotenv/Dotenv.php(149): Symfony\Component\Dotenv\Dotenv->loadEnv('/var/www/html/....', 'APP_ENV', 'dev', Array, false)
#2 /var/www/html/vendor/symfony/runtime/SymfonyRuntime.php(107): Symfony\Component\Dotenv\Dotenv->bootEnv('/var/www/html/....', 'dev', Array, false)
#3 /var/www/html/vendor/autoload_runtime.php(17): Symfony\Component\Runtime\SymfonyRuntime->__construct(Array)
#4 /var/www/html/bin/console(11): require_once('/var/www/html/v...')
#5 {main}
  thrown in /var/www/html/vendor/symfony/dotenv/Dotenv.php on line 553
[21-Nov-2023 14:10:58 Europe/Paris] [critical] Error thrown while running command "'messenger:consume' -vv scheduler_default async_priority_high async_priority_normal async_priority_low --limit=10 --time-limit=3600". Message: "There are no commands defined in the "messenger" namespace."
[21-Nov-2023 14:10:59 Europe/Paris] [critical] Error thrown while running command "'messenger:consume' -vv scheduler_default async_priority_high async_priority_normal async_priority_low --limit=10 --time-limit=3600". Message: "There are no commands defined in the "messenger" namespace."
[21-Nov-2023 14:11:00 Europe/Paris] [critical] Error thrown while running command "'messenger:consume' -vv scheduler_default async_priority_high async_priority_normal async_priority_low --limit=10 --time-limit=3600". Message: "There are no commands defined in the "messenger" namespace."
[21-Nov-2023 14:11:01 Europe/Paris] [critical] Error thrown while running command "'messenger:consume' -vv scheduler_default async_priority_high async_priority_normal async_priority_low --limit=10 --time-limit=3600". Message: "There are no commands defined in the "messenger" namespace."
[21-Nov-2023 14:11:02 Europe/Paris] [critical] Error thrown while running command "'messenger:consume' -vv scheduler_default async_priority_high async_priority_normal async_priority_low --limit=10 --time-limit=3600". Message: "There are no commands defined in the "messenger" namespace."
[21-Nov-2023 14:11:03 Europe/Paris] [critical] Error thrown while running command "'messenger:consume' -vv scheduler_default async_priority_high async_priority_normal async_priority_low --limit=10 --time-limit=3600". Message: "There are no commands defined in the "messenger" namespace."
[21-Nov-2023 14:11:05 Europe/Paris] [critical] Error thrown while running command "'messenger:consume' -vv scheduler_default async_priority_high async_priority_normal async_priority_low --limit=10 --time-limit=3600". Message: "There are no commands defined in the "messenger" namespace."
[21-Nov-2023 14:11:06 Europe/Paris] [critical] Error thrown while running command "'messenger:consume' -vv scheduler_default async_priority_high async_priority_normal async_priority_low --limit=10 --time-limit=3600". Message: "There are no commands defined in the "messenger" namespace."
[21-Nov-2023 14:11:07 Europe/Paris] [critical] Error thrown while running command "'messenger:consume' -vv scheduler_default async_priority_high async_priority_normal async_priority_low --limit=10 --time-limit=3600". Message: "There are no commands defined in the "messenger" namespace."
[21-Nov-2023 14:11:08 Europe/Paris] [critical] Error thrown while running command "'messenger:consume' -vv scheduler_default async_priority_high async_priority_normal async_priority_low --limit=10 --time-limit=3600". Message: "There are no commands defined in the "messenger" namespace."
[21-Nov-2023 14:11:09 Europe/Paris] [critical] Error thrown while running command "'messenger:consume' -vv scheduler_default async_priority_high async_priority_normal async_priority_low --limit=10 --time-limit=3600". Message: "There are no commands defined in the "messenger" namespace."
[21-Nov-2023 14:11:10 Europe/Paris] [critical] Error thrown while running command "'messenger:consume' -vv scheduler_default async_priority_high async_priority_normal async_priority_low --limit=10 --time-limit=3600". Message: "There are no commands defined in the "messenger" namespace."
[21-Nov-2023 14:11:11 Europe/Paris] [critical] Error thrown while running command "'messenger:consume' -vv scheduler_default async_priority_high async_priority_normal async_priority_low --limit=10 --time-limit=3600". Message: "There are no commands defined in the "messenger" namespace."
[21-Nov-2023 14:11:13 Europe/Paris] [critical] Error thrown while running command "messenger:consume -vv scheduler_default async_priority_high async_priority_normal async_priority_low --limit=10 --time-limit=3600". Message: "The receiver "scheduler_default" does not exist. Valid receivers are: async, failed."
[21-Nov-2023 14:11:14 Europe/Paris] [critical] Error thrown while running command "messenger:consume -vv scheduler_default async_priority_high async_priority_normal async_priority_low --limit=10 --time-limit=3600". Message: "The receiver "scheduler_default" does not exist. Valid receivers are: async, failed."
[21-Nov-2023 14:11:15 Europe/Paris] [critical] Error thrown while running command "messenger:consume -vv scheduler_default async_priority_high async_priority_normal async_priority_low --limit=10 --time-limit=3600". Message: "The receiver "scheduler_default" does not exist. Valid receivers are: async, failed."
